<?xml version="1.0" encoding="UTF-8"?>
<!-- Generated by org.testng.reporters.JUnitReportReporter -->
<testsuite hostname="DESKTOP-EQS1DFQ" failures="0" tests="1" name="com.qa.testLayer.RegisterPatientTest" time="102.581" errors="0" timestamp="2022-09-08T16:09:40 IST" skipped="0">
  <testcase classname="com.qa.testLayer.RegisterPatientTest" name="verifyPatientRegistering" time="102.581"/>
  <system-out/>
</testsuite> <!-- com.qa.testLayer.RegisterPatientTest -->
