<?xml version="1.0" encoding="UTF-8"?>
<!-- Generated by org.testng.reporters.JUnitReportReporter -->
<testsuite hostname="DESKTOP-EQS1DFQ" failures="0" tests="1" name="com.qa.testLayer.FindPatientRecordTest" time="67.372" errors="0" timestamp="2022-09-07T20:22:14 IST" skipped="0">
  <testcase classname="com.qa.testLayer.FindPatientRecordTest" name="verifyPatientFinding" time="67.372"/>
  <system-out/>
</testsuite> <!-- com.qa.testLayer.FindPatientRecordTest -->
