<?xml version="1.0" encoding="UTF-8"?>
<!-- Generated by org.testng.reporters.JUnitReportReporter -->
<testsuite hostname="DESKTOP-EQS1DFQ" failures="0" tests="1" name="com.qa.testLayer.FindPatientRecordTest" time="66.484" errors="0" timestamp="2022-09-08T14:05:50 IST" skipped="0">
  <testcase classname="com.qa.testLayer.FindPatientRecordTest" name="verifyPatientFinding" time="66.484"/>
  <system-out/>
</testsuite> <!-- com.qa.testLayer.FindPatientRecordTest -->
