<?xml version="1.0" encoding="UTF-8"?>
<!-- Generated by org.testng.reporters.JUnitReportReporter -->
<testsuite hostname="DESKTOP-EQS1DFQ" failures="0" tests="1" name="com.qa.testLayer.DeleteRecordTest" time="56.928" errors="0" timestamp="2022-09-08T16:51:19 IST" skipped="0">
  <testcase classname="com.qa.testLayer.DeleteRecordTest" name="verifyRecordDelete" time="56.928"/>
  <system-out/>
</testsuite> <!-- com.qa.testLayer.DeleteRecordTest -->
