<?xml version="1.0" encoding="UTF-8"?>
<!-- Generated by org.testng.reporters.JUnitReportReporter -->
<testsuite hostname="DESKTOP-EQS1DFQ" failures="0" tests="1" name="com.qa.testLayer.DeleteRecordTest" time="52.846" errors="0" timestamp="2022-09-08T14:05:50 IST" skipped="0">
  <testcase classname="com.qa.testLayer.DeleteRecordTest" name="verifyRecordDelete" time="52.846"/>
  <system-out/>
</testsuite> <!-- com.qa.testLayer.DeleteRecordTest -->
